<?xml version="1.0" encoding="UTF-8"?>
<!-- Generated by org.testng.reporters.JUnitXMLReporter -->
<testsuite ignored="0" hostname="Mrunal" failures="0" tests="15" name="Default test" time="3.686" errors="0" timestamp="2023-01-08T13:22:44 IST">
  <testcase classname="com.bridgelabz.qa.api_automation.Json_Server_Api_Automation_Test" name="create_Comment" time="2.77"/>
  <testcase classname="com.bridgelabz.qa.api_automation.Json_Server_Api_Automation_Test" name="create_Post" time="0.065"/>
  <testcase classname="com.bridgelabz.qa.api_automation.Json_Server_Api_Automation_Test" name="create_Profile" time="0.064"/>
  <testcase classname="com.bridgelabz.qa.api_automation.Json_Server_Api_Automation_Test" name="delete_Comment" time="0.095"/>
  <testcase classname="com.bridgelabz.qa.api_automation.Json_Server_Api_Automation_Test" name="delete_Post" time="0.06"/>
  <testcase classname="com.bridgelabz.qa.api_automation.Json_Server_Api_Automation_Test" name="get_All_Comment" time="0.064"/>
  <testcase classname="com.bridgelabz.qa.api_automation.Json_Server_Api_Automation_Test" name="get_All_Comment_For_Perticular_Post" time="0.073"/>
  <testcase classname="com.bridgelabz.qa.api_automation.Json_Server_Api_Automation_Test" name="get_All_Post" time="0.065"/>
  <testcase classname="com.bridgelabz.qa.api_automation.Json_Server_Api_Automation_Test" name="get_All_Profile" time="0.045"/>
  <testcase classname="com.bridgelabz.qa.api_automation.Json_Server_Api_Automation_Test" name="get_Specific_Comment" time="0.044"/>
  <testcase classname="com.bridgelabz.qa.api_automation.Json_Server_Api_Automation_Test" name="get_Specific_Post" time="0.046"/>
  <testcase classname="com.bridgelabz.qa.api_automation.Json_Server_Api_Automation_Test" name="patch_Update_Post" time="0.043"/>
  <testcase classname="com.bridgelabz.qa.api_automation.Json_Server_Api_Automation_Test" name="put_Update_Comment" time="0.044"/>
  <testcase classname="com.bridgelabz.qa.api_automation.Json_Server_Api_Automation_Test" name="put_Update_Post" time="0.045"/>
  <testcase classname="com.bridgelabz.qa.api_automation.Json_Server_Api_Automation_Test" name="put_Update_Profile" time="0.043"/>
</testsuite> <!-- Default test -->
